0 info it worked if it ends with ok
1 verbose cli [ 'node', '/usr/local/bin/npm', 'install', '--save', 'gulp-lint' ]
2 info using npm@2.14.0
3 info using node@v0.12.1
4 verbose node symlink /usr/local/bin/node
5 verbose install initial load of /Users/stephen/Documents/ReactFluxTodoApp/appWithoutServer/package.json
6 warn package.json app_without_server@1.0.0 No README data
7 verbose installManyTop reading scoped package data from /Users/stephen/Documents/ReactFluxTodoApp/appWithoutServer/node_modules/babelify/package.json
8 verbose installManyTop reading scoped package data from /Users/stephen/Documents/ReactFluxTodoApp/appWithoutServer/node_modules/bootstrap/package.json
9 verbose installManyTop reading scoped package data from /Users/stephen/Documents/ReactFluxTodoApp/appWithoutServer/node_modules/browserify/package.json
10 verbose installManyTop reading scoped package data from /Users/stephen/Documents/ReactFluxTodoApp/appWithoutServer/node_modules/gulp/package.json
11 verbose installManyTop reading scoped package data from /Users/stephen/Documents/ReactFluxTodoApp/appWithoutServer/node_modules/gulp-concat/package.json
12 verbose installManyTop reading scoped package data from /Users/stephen/Documents/ReactFluxTodoApp/appWithoutServer/node_modules/gulp-connect/package.json
13 verbose installManyTop reading scoped package data from /Users/stephen/Documents/ReactFluxTodoApp/appWithoutServer/node_modules/gulp-eslint/package.json
14 verbose installManyTop reading scoped package data from /Users/stephen/Documents/ReactFluxTodoApp/appWithoutServer/node_modules/gulp-open/package.json
15 verbose installManyTop reading scoped package data from /Users/stephen/Documents/ReactFluxTodoApp/appWithoutServer/node_modules/jquery/package.json
16 verbose installManyTop reading scoped package data from /Users/stephen/Documents/ReactFluxTodoApp/appWithoutServer/node_modules/reactify/package.json
17 verbose installManyTop reading scoped package data from /Users/stephen/Documents/ReactFluxTodoApp/appWithoutServer/node_modules/vinyl-source-stream/package.json
18 verbose readDependencies loading dependencies from /Users/stephen/Documents/ReactFluxTodoApp/appWithoutServer/package.json
19 silly cache add args [ 'gulp-lint', null ]
20 verbose cache add spec gulp-lint
21 silly cache add parsed spec { raw: 'gulp-lint',
21 silly cache add   scope: null,
21 silly cache add   name: 'gulp-lint',
21 silly cache add   rawSpec: '',
21 silly cache add   spec: '*',
21 silly cache add   type: 'range' }
22 silly addNamed gulp-lint@*
23 verbose addNamed "*" is a valid semver range for gulp-lint
24 silly addNameRange { name: 'gulp-lint', range: '*', hasData: false }
25 silly mapToRegistry name gulp-lint
26 silly mapToRegistry using default registry
27 silly mapToRegistry registry https://registry.npmjs.org/
28 silly mapToRegistry uri https://registry.npmjs.org/gulp-lint
29 verbose addNameRange registry:https://registry.npmjs.org/gulp-lint not in flight; fetching
30 verbose request uri https://registry.npmjs.org/gulp-lint
31 verbose request no auth needed
32 info attempt registry request try #1 at 17:10:04
33 verbose request id cc0d869bef02e072
34 http request GET https://registry.npmjs.org/gulp-lint
35 http 404 https://registry.npmjs.org/gulp-lint
36 verbose headers { 'content-type': 'application/json',
36 verbose headers   'cache-control': 'max-age=0',
36 verbose headers   'content-length': '2',
36 verbose headers   'accept-ranges': 'bytes',
36 verbose headers   date: 'Fri, 03 Jun 2016 23:09:54 GMT',
36 verbose headers   via: '1.1 varnish',
36 verbose headers   age: '0',
36 verbose headers   connection: 'keep-alive',
36 verbose headers   'x-served-by': 'cache-lax1433-LAX',
36 verbose headers   'x-cache': 'MISS',
36 verbose headers   'x-cache-hits': '0',
36 verbose headers   'x-timer': 'S1464995394.508975,VS0,VE47',
36 verbose headers   vary: 'Accept-Encoding' }
37 silly get cb [ 404,
37 silly get   { 'content-type': 'application/json',
37 silly get     'cache-control': 'max-age=0',
37 silly get     'content-length': '2',
37 silly get     'accept-ranges': 'bytes',
37 silly get     date: 'Fri, 03 Jun 2016 23:09:54 GMT',
37 silly get     via: '1.1 varnish',
37 silly get     age: '0',
37 silly get     connection: 'keep-alive',
37 silly get     'x-served-by': 'cache-lax1433-LAX',
37 silly get     'x-cache': 'MISS',
37 silly get     'x-cache-hits': '0',
37 silly get     'x-timer': 'S1464995394.508975,VS0,VE47',
37 silly get     vary: 'Accept-Encoding' } ]
38 verbose stack Error: Registry returned 404 for GET on https://registry.npmjs.org/gulp-lint
38 verbose stack     at makeError (/usr/local/lib/node_modules/npm/node_modules/npm-registry-client/lib/request.js:263:12)
38 verbose stack     at CachingRegistryClient.<anonymous> (/usr/local/lib/node_modules/npm/node_modules/npm-registry-client/lib/request.js:241:14)
38 verbose stack     at Request._callback (/usr/local/lib/node_modules/npm/node_modules/npm-registry-client/lib/request.js:171:14)
38 verbose stack     at Request.self.callback (/usr/local/lib/node_modules/npm/node_modules/request/request.js:198:22)
38 verbose stack     at Request.emit (events.js:110:17)
38 verbose stack     at Request.<anonymous> (/usr/local/lib/node_modules/npm/node_modules/request/request.js:1057:14)
38 verbose stack     at Request.emit (events.js:129:20)
38 verbose stack     at IncomingMessage.<anonymous> (/usr/local/lib/node_modules/npm/node_modules/request/request.js:1003:12)
38 verbose stack     at IncomingMessage.emit (events.js:129:20)
38 verbose stack     at _stream_readable.js:908:16
39 verbose statusCode 404
40 verbose pkgid gulp-lint
41 verbose cwd /Users/stephen/Documents/ReactFluxTodoApp/appWithoutServer
42 error Darwin 15.5.0
43 error argv "node" "/usr/local/bin/npm" "install" "--save" "gulp-lint"
44 error node v0.12.1
45 error npm  v2.14.0
46 error code E404
47 error 404 Registry returned 404 for GET on https://registry.npmjs.org/gulp-lint
47 error 404
47 error 404 'gulp-lint' is not in the npm registry.
47 error 404 You should bug the author to publish it (or use the name yourself!)
47 error 404 It was specified as a dependency of 'app_without_server'
47 error 404
47 error 404 Note that you can also install from a
47 error 404 tarball, folder, http url, or git url.
48 verbose exit [ 1, true ]
